  pransac.cpp
C:\Users\SNSLAB\Documents\Visual Studio 2019\Project\opencv\panorama\stitching\pransac.cpp(1,1): warning C4819: 현재 코드 페이지(949)에서 표시할 수 없는 문자가 파일에 들어 있습니다. 데이터가 손실되지 않게 하려면 해당 파일을 유니코드 형식으로 저장하십시오.
C:\Users\SNSLAB\Documents\Visual Studio 2019\Project\opencv\panorama\stitching\pransac.cpp(34,24): warning C4244: '인수': 'double'에서 'int'(으)로 변환하면서 데이터가 손실될 수 있습니다.
C:\Users\SNSLAB\Documents\Visual Studio 2019\Project\opencv\panorama\stitching\pransac.cpp(51,59): warning C4267: '인수': 'size_t'에서 'int'(으)로 변환하면서 데이터가 손실될 수 있습니다.
C:\Users\SNSLAB\Documents\Visual Studio 2019\Project\opencv\panorama\stitching\pransac.cpp(54,60): warning C4267: '인수': 'size_t'에서 'int'(으)로 변환하면서 데이터가 손실될 수 있습니다.
C:\Users\SNSLAB\Documents\Visual Studio 2019\Project\opencv\panorama\stitching\pransac.cpp(58,60): warning C4267: '인수': 'size_t'에서 'int'(으)로 변환하면서 데이터가 손실될 수 있습니다.
C:\Users\SNSLAB\Documents\Visual Studio 2019\Project\opencv\panorama\stitching\pransac.cpp(195,54): warning C4244: '인수': 'double'에서 '_Tp'(으)로 변환하면서 데이터가 손실될 수 있습니다.
          with
          [
              _Tp=int
          ]
C:\Users\SNSLAB\Documents\Visual Studio 2019\Project\opencv\panorama\stitching\pransac.cpp(222,11): warning C4244: '초기화 중': '_Tp'에서 'int'(으)로 변환하면서 데이터가 손실될 수 있습니다.
          with
          [
              _Tp=double
          ]
C:\Users\SNSLAB\Documents\Visual Studio 2019\Project\opencv\panorama\stitching\pransac.cpp(223,11): warning C4244: '초기화 중': '_Tp'에서 'int'(으)로 변환하면서 데이터가 손실될 수 있습니다.
          with
          [
              _Tp=double
          ]
  panorama.vcxproj -> C:\Users\SNSLAB\Documents\Visual Studio 2019\Project\opencv\x64\Debug\panorama.exe
